app/build/intermediates/manifest_merge_blame_file/debug/manifest-merger-blame-debug-report.txt
1<?xml version="1.0" encoding="utf-8"?>
2<manifest xmlns:android="http://schemas.android.com/apk/res/android"
3    package="com.example.projetinho"
4    android:versionCode="1"
5    android:versionName="1.0" >
6
7    <uses-sdk
8        android:minSdkVersion="21"
8-->src/main/AndroidManifest.xml
9        android:targetSdkVersion="30" />
9-->src/main/AndroidManifest.xml
10
11    <uses-permission android:name="android.permission.ACCESS_FINE_LOCATION" />
11-->src/main/AndroidManifest.xml:5:5-79
11-->src/main/AndroidManifest.xml:5:22-76
12    <uses-permission android:name="android.permission.ACCESS_COARSE_LOCATION" />
12-->src/main/AndroidManifest.xml:6:5-81
12-->src/main/AndroidManifest.xml:6:22-78
13    <uses-permission android:name="android.permission.ACCESS_NETWORK_STATE" />
13-->src/main/AndroidManifest.xml:7:5-79
13-->src/main/AndroidManifest.xml:7:22-76
14    <uses-permission android:name="android.permission.INTERNET" />
14-->src/main/AndroidManifest.xml:8:5-67
14-->src/main/AndroidManifest.xml:8:22-64
15
16    <application
16-->src/main/AndroidManifest.xml:10:5-43:19
17        android:allowBackup="true"
17-->src/main/AndroidManifest.xml:11:9-35
18        android:appComponentFactory="androidx.core.app.CoreComponentFactory"
18-->[androidx.core:core:1.3.1] AndroidManifest.xml:24:18-86
19        android:debuggable="true"
20        android:icon="@mipmap/ic_launcher"
20-->src/main/AndroidManifest.xml:12:9-43
21        android:label="@string/app_name"
21-->src/main/AndroidManifest.xml:13:9-41
22        android:roundIcon="@mipmap/ic_launcher_round"
22-->src/main/AndroidManifest.xml:14:9-54
23        android:supportsRtl="true"
23-->src/main/AndroidManifest.xml:15:9-35
24        android:testOnly="true"
25        android:theme="@style/AppTheme" >
25-->src/main/AndroidManifest.xml:16:9-40
26        <activity
26-->src/main/AndroidManifest.xml:18:9-19:39
27            android:name="com.example.beercalc.view.CadBebidasActivity"
27-->src/main/AndroidManifest.xml:18:19-78
28            android:label="Cadastro" />
28-->src/main/AndroidManifest.xml:19:13-37
29        <activity android:name="com.example.beercalc.view.SplashActivity$SplashDevMedia" >
29-->src/main/AndroidManifest.xml:21:9-28:20
29-->src/main/AndroidManifest.xml:22:13-83
30            <intent-filter>
30-->src/main/AndroidManifest.xml:23:13-27:29
31                <action android:name="android.intent.action.MAIN" />
31-->src/main/AndroidManifest.xml:24:17-69
31-->src/main/AndroidManifest.xml:24:25-66
32
33                <category android:name="android.intent.category.LAUNCHER" />
33-->src/main/AndroidManifest.xml:26:17-77
33-->src/main/AndroidManifest.xml:26:27-74
34            </intent-filter>
35        </activity>
36        <activity
36-->src/main/AndroidManifest.xml:29:9-31:71
37            android:name="com.example.beercalc.view.CalculadoraQuantActivity"
37-->src/main/AndroidManifest.xml:30:13-78
38            android:label="@string/title_activity_calculadoraQuant" />
38-->src/main/AndroidManifest.xml:31:13-68
39        <activity
39-->src/main/AndroidManifest.xml:33:9-35:68
40            android:name="com.example.beercalc.view.CalculadoraMLActivity"
40-->src/main/AndroidManifest.xml:34:13-75
41            android:label="@string/title_activity_calculadoraML" />
41-->src/main/AndroidManifest.xml:35:13-65
42        <activity
42-->src/main/AndroidManifest.xml:37:9-39:63
43            android:name="com.example.beercalc.view.ListaBebidasActivity"
43-->src/main/AndroidManifest.xml:38:13-74
44            android:label="@string/title_activity_cadastro" />
44-->src/main/AndroidManifest.xml:39:13-60
45        <activity android:name="com.example.beercalc.view.MenuPrincipalActivity" />
45-->src/main/AndroidManifest.xml:41:9-83
45-->src/main/AndroidManifest.xml:41:19-81
46    </application>
47
48</manifest>